2025-12-16 19:29:26 - - - request - Unauthorized: /api/users/verify-otp/
2025-12-16 19:29:46 - - - request - Internal Server Error: /api/users/verify-otp/
Traceback (most recent call last):
  File "/Users/smrutisahoo/workspaces/hotel/venv/lib/python3.9/site-packages/django/core/handlers/exception.py", line 55, in inner
    response = get_response(request)
  File "/Users/smrutisahoo/workspaces/hotel/venv/lib/python3.9/site-packages/django/core/handlers/base.py", line 197, in _get_response
    response = wrapped_callback(request, *callback_args, **callback_kwargs)
  File "/Users/smrutisahoo/workspaces/hotel/venv/lib/python3.9/site-packages/django/views/decorators/csrf.py", line 56, in wrapper_view
    return view_func(*args, **kwargs)
  File "/Users/smrutisahoo/workspaces/hotel/venv/lib/python3.9/site-packages/django/views/generic/base.py", line 105, in view
    return self.dispatch(request, *args, **kwargs)
  File "/Users/smrutisahoo/workspaces/hotel/venv/lib/python3.9/site-packages/rest_framework/views.py", line 509, in dispatch
    response = self.handle_exception(exc)
  File "/Users/smrutisahoo/workspaces/hotel/venv/lib/python3.9/site-packages/rest_framework/views.py", line 469, in handle_exception
    self.raise_uncaught_exception(exc)
  File "/Users/smrutisahoo/workspaces/hotel/venv/lib/python3.9/site-packages/rest_framework/views.py", line 480, in raise_uncaught_exception
    raise exc
  File "/Users/smrutisahoo/workspaces/hotel/venv/lib/python3.9/site-packages/rest_framework/views.py", line 506, in dispatch
    response = handler(request, *args, **kwargs)
  File "/Users/smrutisahoo/workspaces/hotel/venv/lib/python3.9/site-packages/rest_framework/decorators.py", line 50, in handler
    return func(*args, **kwargs)
  File "/Users/smrutisahoo/workspaces/hotel/hotel/backend/users/views.py", line 84, in verify_otp
    UserHsPermission.objects.create(user=user, permission_group=HsPermissionGroup.objects.get(name='customer'))
  File "/Users/smrutisahoo/workspaces/hotel/venv/lib/python3.9/site-packages/django/db/models/manager.py", line 87, in manager_method
    return getattr(self.get_queryset(), name)(*args, **kwargs)
  File "/Users/smrutisahoo/workspaces/hotel/venv/lib/python3.9/site-packages/django/db/models/query.py", line 639, in get
    raise self.model.DoesNotExist(
users.models.HsPermissionGroup.DoesNotExist: HsPermissionGroup matching query does not exist.
2025-12-16 19:32:03 - - - request - Not Found: /favicon.ico
2025-12-16 19:39:11 - - - request - Internal Server Error: /api/users/verify-otp/
Traceback (most recent call last):
  File "/Users/smrutisahoo/workspaces/hotel/venv/lib/python3.9/site-packages/django/core/handlers/exception.py", line 55, in inner
    response = get_response(request)
  File "/Users/smrutisahoo/workspaces/hotel/venv/lib/python3.9/site-packages/django/core/handlers/base.py", line 197, in _get_response
    response = wrapped_callback(request, *callback_args, **callback_kwargs)
  File "/Users/smrutisahoo/workspaces/hotel/venv/lib/python3.9/site-packages/django/views/decorators/csrf.py", line 56, in wrapper_view
    return view_func(*args, **kwargs)
  File "/Users/smrutisahoo/workspaces/hotel/venv/lib/python3.9/site-packages/django/views/generic/base.py", line 105, in view
    return self.dispatch(request, *args, **kwargs)
  File "/Users/smrutisahoo/workspaces/hotel/venv/lib/python3.9/site-packages/rest_framework/views.py", line 509, in dispatch
    response = self.handle_exception(exc)
  File "/Users/smrutisahoo/workspaces/hotel/venv/lib/python3.9/site-packages/rest_framework/views.py", line 469, in handle_exception
    self.raise_uncaught_exception(exc)
  File "/Users/smrutisahoo/workspaces/hotel/venv/lib/python3.9/site-packages/rest_framework/views.py", line 480, in raise_uncaught_exception
    raise exc
  File "/Users/smrutisahoo/workspaces/hotel/venv/lib/python3.9/site-packages/rest_framework/views.py", line 506, in dispatch
    response = handler(request, *args, **kwargs)
  File "/Users/smrutisahoo/workspaces/hotel/venv/lib/python3.9/site-packages/rest_framework/decorators.py", line 50, in handler
    return func(*args, **kwargs)
  File "/Users/smrutisahoo/workspaces/hotel/hotel/backend/users/views.py", line 84, in verify_otp
    UserHsPermission.objects.create(user=user, permission_group=HsPermissionGroup.objects.get(name='customer'))
  File "/Users/smrutisahoo/workspaces/hotel/venv/lib/python3.9/site-packages/django/db/models/manager.py", line 87, in manager_method
    return getattr(self.get_queryset(), name)(*args, **kwargs)
  File "/Users/smrutisahoo/workspaces/hotel/venv/lib/python3.9/site-packages/django/db/models/query.py", line 639, in get
    raise self.model.DoesNotExist(
users.models.HsPermissionGroup.DoesNotExist: HsPermissionGroup matching query does not exist.
