2026-01-28 01:06:54 - POST - views - Static login number detected: 8342091661, skipping OTP send
2026-01-28 01:07:03 - POST - views - Static login verification for mobile: 8342091661, Expected OTP: 420916, Provided OTP: 430916
2026-01-28 01:07:03 - POST - views - Invalid static OTP for mobile: 8342091661
2026-01-28 01:07:08 - POST - views - Static login verification for mobile: 8342091661, Expected OTP: 420916, Provided OTP: 430916
2026-01-28 01:07:08 - POST - views - Invalid static OTP for mobile: 8342091661
2026-01-28 01:07:20 - POST - views - Static login verification for mobile: 8342091661, Expected OTP: 420916, Provided OTP: 420916
2026-01-28 01:07:20 - POST - views - Static login successful for mobile: 8342091661
2026-01-28 01:07:21 - POST - views - User 8342091661 logged in
2026-01-28 01:11:52 - GET - property - property_list called with method GET
2026-01-28 01:11:53 - GET - property - Retrieved 4 properties
2026-01-28 01:12:15 - GET - property - amenity_list called with method GET
2026-01-28 01:12:15 - GET - property - Retrieved 8 amenities
2026-01-28 01:12:15 - GET - property - rule_list called with method GET
2026-01-28 01:12:15 - GET - property - Retrieved 9 rules
2026-01-28 01:12:15 - GET - property - documentation_list called with method GET
2026-01-28 01:12:15 - GET - property - Retrieved 8 documentations
2026-01-28 01:12:15 - GET - property - list_states called
2026-01-28 01:12:15 - GET - property - Retrieved 36 states
2026-01-28 01:12:15 - GET - property - image_category_list called with method GET
2026-01-28 01:12:15 - GET - property - Retrieved 12 image categories
2026-01-28 01:12:16 - GET - property - amenity_list called with method GET
2026-01-28 01:12:16 - GET - property - Retrieved 8 amenities
2026-01-28 01:12:16 - GET - property - amenity_list called with method GET
2026-01-28 01:12:16 - GET - property - rule_list called with method GET
2026-01-28 01:12:16 - GET - property - Retrieved 8 amenities
2026-01-28 01:12:16 - GET - property - Retrieved 9 rules
2026-01-28 01:12:16 - GET - property - documentation_list called with method GET
2026-01-28 01:12:16 - GET - property - rule_list called with method GET
2026-01-28 01:12:16 - GET - property - Retrieved 8 documentations
2026-01-28 01:12:16 - GET - property - Retrieved 9 rules
2026-01-28 01:12:16 - GET - property - documentation_list called with method GET
2026-01-28 01:12:16 - GET - property - list_states called
2026-01-28 01:12:16 - GET - property - Retrieved 36 states
2026-01-28 01:12:16 - GET - property - image_category_list called with method GET
2026-01-28 01:12:16 - GET - property - Retrieved 8 documentations
2026-01-28 01:12:16 - GET - property - Retrieved 12 image categories
2026-01-28 01:12:16 - GET - property - list_states called
2026-01-28 01:12:16 - GET - property - Retrieved 36 states
2026-01-28 01:12:16 - GET - property - image_category_list called with method GET
2026-01-28 01:12:16 - GET - property - Retrieved 12 image categories
2026-01-28 01:12:16 - GET - property - amenity_list called with method GET
2026-01-28 01:12:16 - GET - property - Retrieved 8 amenities
2026-01-28 01:12:16 - GET - property - rule_list called with method GET
2026-01-28 01:12:16 - GET - property - Retrieved 9 rules
2026-01-28 01:12:16 - GET - property - documentation_list called with method GET
2026-01-28 01:12:16 - GET - property - Retrieved 8 documentations
2026-01-28 01:12:16 - GET - property - list_states called
2026-01-28 01:12:16 - GET - property - Retrieved 36 states
2026-01-28 01:12:16 - GET - property - image_category_list called with method GET
2026-01-28 01:12:16 - GET - property - Retrieved 12 image categories
2026-01-28 01:14:23 - POST - property - image_upload called
2026-01-28 01:14:23 - POST - property - Property image uploaded successfully with id 63
2026-01-28 01:14:29 - PUT - property - image_detail called with method PUT for pk 63
2026-01-28 01:14:29 - PUT - property - Property image 63 updated successfully
2026-01-28 01:14:39 - POST - property - image_upload called
2026-01-28 01:14:39 - POST - property - Property image uploaded successfully with id 64
2026-01-28 01:18:00 - GET - property - amenity_list called with method GET
2026-01-28 01:18:01 - GET - property - Retrieved 8 amenities
2026-01-28 01:18:01 - GET - property - rule_list called with method GET
2026-01-28 01:18:01 - GET - property - Retrieved 9 rules
2026-01-28 01:18:01 - GET - property - documentation_list called with method GET
2026-01-28 01:18:01 - GET - property - Retrieved 8 documentations
2026-01-28 01:18:01 - GET - property - list_states called
2026-01-28 01:18:01 - GET - property - Retrieved 36 states
2026-01-28 01:18:01 - GET - property - image_category_list called with method GET
2026-01-28 01:18:01 - GET - property - Retrieved 12 image categories
2026-01-28 01:18:01 - GET - property - amenity_list called with method GET
2026-01-28 01:18:01 - GET - property - Retrieved 8 amenities
2026-01-28 01:18:01 - GET - property - rule_list called with method GET
2026-01-28 01:18:01 - GET - property - Retrieved 9 rules
2026-01-28 01:18:01 - GET - property - documentation_list called with method GET
2026-01-28 01:18:01 - GET - property - Retrieved 8 documentations
2026-01-28 01:18:02 - GET - property - list_states called
2026-01-28 01:18:02 - GET - property - Retrieved 36 states
2026-01-28 01:18:02 - GET - property - image_category_list called with method GET
2026-01-28 01:18:02 - GET - property - Retrieved 12 image categories
2026-01-28 01:18:02 - GET - property - amenity_list called with method GET
2026-01-28 01:18:02 - GET - property - Retrieved 8 amenities
2026-01-28 01:18:02 - GET - property - amenity_list called with method GET
2026-01-28 01:18:02 - GET - property - rule_list called with method GET
2026-01-28 01:18:02 - GET - property - Retrieved 8 amenities
2026-01-28 01:18:02 - GET - property - Retrieved 9 rules
2026-01-28 01:18:02 - GET - property - rule_list called with method GET
2026-01-28 01:18:02 - GET - property - documentation_list called with method GET
2026-01-28 01:18:02 - GET - property - Retrieved 9 rules
2026-01-28 01:18:02 - GET - property - Retrieved 8 documentations
2026-01-28 01:18:02 - GET - property - documentation_list called with method GET
2026-01-28 01:18:02 - GET - property - list_states called
2026-01-28 01:18:02 - GET - property - Retrieved 8 documentations
2026-01-28 01:18:02 - GET - property - Retrieved 36 states
2026-01-28 01:18:02 - GET - property - image_category_list called with method GET
2026-01-28 01:18:02 - GET - property - list_states called
2026-01-28 01:18:02 - GET - property - Retrieved 36 states
2026-01-28 01:18:02 - GET - property - Retrieved 12 image categories
2026-01-28 01:18:02 - GET - property - image_category_list called with method GET
2026-01-28 01:18:02 - GET - property - Retrieved 12 image categories
2026-01-28 01:18:02 - GET - property - amenity_list called with method GET
2026-01-28 01:18:02 - GET - property - Retrieved 8 amenities
2026-01-28 01:18:02 - GET - property - rule_list called with method GET
2026-01-28 01:18:02 - GET - property - Retrieved 9 rules
2026-01-28 01:18:02 - GET - property - documentation_list called with method GET
2026-01-28 01:18:02 - GET - property - Retrieved 8 documentations
2026-01-28 01:18:03 - GET - property - list_states called
2026-01-28 01:18:03 - GET - property - Retrieved 36 states
2026-01-28 01:18:03 - GET - property - image_category_list called with method GET
2026-01-28 01:18:03 - GET - property - Retrieved 12 image categories
2026-01-28 01:18:36 - GET - property - amenity_list called with method GET
2026-01-28 01:18:36 - GET - property - Retrieved 8 amenities
2026-01-28 01:18:36 - GET - property - rule_list called with method GET
2026-01-28 01:18:36 - GET - property - Retrieved 9 rules
2026-01-28 01:18:36 - GET - property - documentation_list called with method GET
2026-01-28 01:18:36 - GET - property - Retrieved 8 documentations
2026-01-28 01:18:36 - GET - property - list_states called
2026-01-28 01:18:36 - GET - property - Retrieved 36 states
2026-01-28 01:18:36 - GET - property - image_category_list called with method GET
2026-01-28 01:18:36 - GET - property - Retrieved 12 image categories
2026-01-28 01:18:36 - GET - property - amenity_list called with method GET
2026-01-28 01:18:36 - GET - property - Retrieved 8 amenities
2026-01-28 01:18:36 - GET - property - amenity_list called with method GET
2026-01-28 01:18:36 - GET - property - rule_list called with method GET
2026-01-28 01:18:36 - GET - property - Retrieved 9 rules
2026-01-28 01:18:36 - GET - property - documentation_list called with method GET
2026-01-28 01:18:36 - GET - property - Retrieved 8 amenities
2026-01-28 01:18:36 - GET - property - rule_list called with method GET
2026-01-28 01:18:36 - GET - property - Retrieved 8 documentations
2026-01-28 01:18:36 - GET - property - Retrieved 9 rules
2026-01-28 01:18:36 - GET - property - documentation_list called with method GET
2026-01-28 01:18:36 - GET - property - list_states called
2026-01-28 01:18:36 - GET - property - Retrieved 36 states
2026-01-28 01:18:36 - GET - property - image_category_list called with method GET
2026-01-28 01:18:36 - GET - property - Retrieved 8 documentations
2026-01-28 01:18:36 - GET - property - Retrieved 12 image categories
2026-01-28 01:18:36 - GET - property - list_states called
2026-01-28 01:18:36 - GET - property - Retrieved 36 states
2026-01-28 01:18:36 - GET - property - image_category_list called with method GET
2026-01-28 01:18:37 - GET - property - Retrieved 12 image categories
2026-01-28 01:18:37 - GET - property - amenity_list called with method GET
2026-01-28 01:18:37 - GET - property - Retrieved 8 amenities
2026-01-28 01:18:37 - GET - property - rule_list called with method GET
2026-01-28 01:18:37 - GET - property - Retrieved 9 rules
2026-01-28 01:18:37 - GET - property - documentation_list called with method GET
2026-01-28 01:18:37 - GET - property - Retrieved 8 documentations
2026-01-28 01:18:37 - GET - property - list_states called
2026-01-28 01:18:37 - GET - property - Retrieved 36 states
2026-01-28 01:18:37 - GET - property - image_category_list called with method GET
2026-01-28 01:18:37 - GET - property - Retrieved 12 image categories
2026-01-28 01:20:07 - GET - property - amenity_list called with method GET
2026-01-28 01:20:08 - GET - property - Retrieved 8 amenities
2026-01-28 01:20:08 - GET - property - rule_list called with method GET
2026-01-28 01:20:08 - GET - property - Retrieved 9 rules
2026-01-28 01:20:08 - GET - property - documentation_list called with method GET
2026-01-28 01:20:08 - GET - property - Retrieved 8 documentations
2026-01-28 01:20:08 - GET - property - list_states called
2026-01-28 01:20:08 - GET - property - Retrieved 36 states
2026-01-28 01:20:08 - GET - property - image_category_list called with method GET
2026-01-28 01:20:08 - GET - property - Retrieved 12 image categories
2026-01-28 01:20:09 - GET - property - amenity_list called with method GET
2026-01-28 01:20:09 - GET - property - Retrieved 8 amenities
2026-01-28 01:20:09 - GET - property - rule_list called with method GET
2026-01-28 01:20:09 - GET - property - Retrieved 9 rules
2026-01-28 01:20:09 - GET - property - documentation_list called with method GET
2026-01-28 01:20:09 - GET - property - Retrieved 8 documentations
2026-01-28 01:20:09 - GET - property - amenity_list called with method GET
2026-01-28 01:20:09 - GET - property - list_states called
2026-01-28 01:20:09 - GET - property - Retrieved 36 states
2026-01-28 01:20:09 - GET - property - image_category_list called with method GET
2026-01-28 01:20:10 - GET - property - Retrieved 8 amenities
2026-01-28 01:20:10 - GET - property - rule_list called with method GET
2026-01-28 01:20:10 - GET - property - Retrieved 12 image categories
2026-01-28 01:20:10 - GET - property - Retrieved 9 rules
2026-01-28 01:20:10 - GET - property - documentation_list called with method GET
2026-01-28 01:20:10 - GET - property - Retrieved 8 documentations
2026-01-28 01:20:10 - GET - property - list_states called
2026-01-28 01:20:10 - GET - property - Retrieved 36 states
2026-01-28 01:20:10 - GET - property - image_category_list called with method GET
2026-01-28 01:20:10 - GET - property - Retrieved 12 image categories
2026-01-28 01:20:11 - GET - property - amenity_list called with method GET
2026-01-28 01:20:11 - GET - property - Retrieved 8 amenities
2026-01-28 01:20:11 - GET - property - rule_list called with method GET
2026-01-28 01:20:11 - GET - property - Retrieved 9 rules
2026-01-28 01:20:11 - GET - property - documentation_list called with method GET
2026-01-28 01:20:11 - GET - property - Retrieved 8 documentations
2026-01-28 01:20:11 - GET - property - list_states called
2026-01-28 01:20:11 - GET - property - Retrieved 36 states
2026-01-28 01:20:11 - GET - property - image_category_list called with method GET
2026-01-28 01:20:11 - GET - property - Retrieved 12 image categories
2026-01-28 01:21:33 - GET - property - amenity_list called with method GET
2026-01-28 01:21:34 - GET - property - Retrieved 8 amenities
2026-01-28 01:21:34 - GET - property - rule_list called with method GET
2026-01-28 01:21:34 - GET - property - Retrieved 9 rules
2026-01-28 01:21:34 - GET - property - documentation_list called with method GET
2026-01-28 01:21:34 - GET - property - Retrieved 8 documentations
2026-01-28 01:21:34 - GET - property - list_states called
2026-01-28 01:21:34 - GET - property - Retrieved 36 states
2026-01-28 01:21:34 - GET - property - image_category_list called with method GET
2026-01-28 01:21:34 - GET - property - Retrieved 12 image categories
2026-01-28 01:21:34 - GET - property - amenity_list called with method GET
2026-01-28 01:21:34 - GET - property - Retrieved 8 amenities
2026-01-28 01:21:34 - GET - property - amenity_list called with method GET
2026-01-28 01:21:34 - GET - property - rule_list called with method GET
2026-01-28 01:21:34 - GET - property - Retrieved 8 amenities
2026-01-28 01:21:34 - GET - property - Retrieved 9 rules
2026-01-28 01:21:34 - GET - property - documentation_list called with method GET
2026-01-28 01:21:34 - GET - property - rule_list called with method GET
2026-01-28 01:21:34 - GET - property - Retrieved 8 documentations
2026-01-28 01:21:34 - GET - property - Retrieved 9 rules
2026-01-28 01:21:34 - GET - property - documentation_list called with method GET
2026-01-28 01:21:34 - GET - property - list_states called
2026-01-28 01:21:34 - GET - property - Retrieved 36 states
2026-01-28 01:21:34 - GET - property - image_category_list called with method GET
2026-01-28 01:21:34 - GET - property - Retrieved 8 documentations
2026-01-28 01:21:34 - GET - property - Retrieved 12 image categories
2026-01-28 01:21:34 - GET - property - list_states called
2026-01-28 01:21:34 - GET - property - Retrieved 36 states
2026-01-28 01:21:34 - GET - property - image_category_list called with method GET
2026-01-28 01:21:35 - GET - property - Retrieved 12 image categories
2026-01-28 01:21:35 - GET - property - amenity_list called with method GET
2026-01-28 01:21:35 - GET - property - Retrieved 8 amenities
2026-01-28 01:21:35 - GET - property - rule_list called with method GET
2026-01-28 01:21:35 - GET - property - Retrieved 9 rules
2026-01-28 01:21:35 - GET - property - documentation_list called with method GET
2026-01-28 01:21:35 - GET - property - Retrieved 8 documentations
2026-01-28 01:21:35 - GET - property - list_states called
2026-01-28 01:21:35 - GET - property - Retrieved 36 states
2026-01-28 01:21:35 - GET - property - image_category_list called with method GET
2026-01-28 01:21:35 - GET - property - Retrieved 12 image categories
2026-01-28 01:22:31 - GET - property - amenity_list called with method GET
2026-01-28 01:22:31 - GET - property - Retrieved 8 amenities
2026-01-28 01:22:31 - GET - property - rule_list called with method GET
2026-01-28 01:22:31 - GET - property - Retrieved 9 rules
2026-01-28 01:22:31 - GET - property - documentation_list called with method GET
2026-01-28 01:22:31 - GET - property - Retrieved 8 documentations
2026-01-28 01:22:31 - GET - property - list_states called
2026-01-28 01:22:31 - GET - property - Retrieved 36 states
2026-01-28 01:22:31 - GET - property - image_category_list called with method GET
2026-01-28 01:22:31 - GET - property - Retrieved 12 image categories
2026-01-28 01:22:39 - POST - property - image_upload called
2026-01-28 01:22:39 - POST - property - Property image uploaded successfully with id 65
2026-01-28 01:22:51 - POST - property - image_upload called
2026-01-28 01:22:52 - POST - property - Property image uploaded successfully with id 66
2026-01-28 01:23:37 - POST - property - room_image_upload called
2026-01-28 01:23:37 - POST - property - Room image uploaded successfully with id 17
2026-01-28 01:23:41 - POST - property - property_list called with method POST
2026-01-28 01:23:41 - POST - property - Property created successfully with id 6
2026-01-28 01:23:42 - GET - property - property_list called with method GET
2026-01-28 01:23:42 - GET - property - Retrieved 5 properties
2026-01-28 01:23:59 - GET - property - amenity_list called with method GET
2026-01-28 01:23:59 - GET - property - Retrieved 8 amenities
2026-01-28 01:23:59 - GET - property - rule_list called with method GET
2026-01-28 01:23:59 - GET - property - Retrieved 9 rules
2026-01-28 01:23:59 - GET - property - documentation_list called with method GET
2026-01-28 01:23:59 - GET - property - Retrieved 8 documentations
2026-01-28 01:23:59 - GET - property - list_states called
2026-01-28 01:23:59 - GET - property - Retrieved 36 states
2026-01-28 01:23:59 - GET - property - image_category_list called with method GET
2026-01-28 01:23:59 - GET - property - Retrieved 12 image categories
2026-01-28 01:23:59 - GET - property - amenity_list called with method GET
2026-01-28 01:24:00 - GET - property - Retrieved 8 amenities
2026-01-28 01:24:00 - GET - property - amenity_list called with method GET
2026-01-28 01:24:00 - GET - property - rule_list called with method GET
2026-01-28 01:24:00 - GET - property - Retrieved 8 amenities
2026-01-28 01:24:00 - GET - property - Retrieved 9 rules
2026-01-28 01:24:00 - GET - property - rule_list called with method GET
2026-01-28 01:24:00 - GET - property - documentation_list called with method GET
2026-01-28 01:24:00 - GET - property - Retrieved 8 documentations
2026-01-28 01:24:00 - GET - property - Retrieved 9 rules
2026-01-28 01:24:00 - GET - property - documentation_list called with method GET
2026-01-28 01:24:00 - GET - property - list_states called
2026-01-28 01:24:00 - GET - property - Retrieved 36 states
2026-01-28 01:24:00 - GET - property - Retrieved 8 documentations
2026-01-28 01:24:00 - GET - property - image_category_list called with method GET
2026-01-28 01:24:00 - GET - property - Retrieved 12 image categories
2026-01-28 01:24:00 - GET - property - list_states called
2026-01-28 01:24:00 - GET - property - Retrieved 36 states
2026-01-28 01:24:00 - GET - property - image_category_list called with method GET
2026-01-28 01:24:00 - GET - property - Retrieved 12 image categories
2026-01-28 01:24:00 - GET - property - amenity_list called with method GET
2026-01-28 01:24:00 - GET - property - Retrieved 8 amenities
2026-01-28 01:24:00 - GET - property - rule_list called with method GET
2026-01-28 01:24:00 - GET - property - Retrieved 9 rules
2026-01-28 01:24:00 - GET - property - documentation_list called with method GET
2026-01-28 01:24:00 - GET - property - Retrieved 8 documentations
2026-01-28 01:24:00 - GET - property - list_states called
2026-01-28 01:24:00 - GET - property - Retrieved 36 states
2026-01-28 01:24:00 - GET - property - image_category_list called with method GET
2026-01-28 01:24:00 - GET - property - Retrieved 12 image categories
2026-01-28 01:24:48 - POST - property - image_upload called
2026-01-28 01:24:48 - POST - property - Property image uploaded successfully with id 67
2026-01-28 01:24:50 - PUT - property - image_detail called with method PUT for pk 67
2026-01-28 01:24:50 - PUT - property - Property image 67 updated successfully
2026-01-28 01:24:59 - POST - property - image_upload called
2026-01-28 01:24:59 - POST - property - Property image uploaded successfully with id 68
2026-01-28 01:25:02 - PUT - property - image_detail called with method PUT for pk 68
2026-01-28 01:25:02 - PUT - property - Property image 68 updated successfully
2026-01-28 01:25:37 - POST - property - room_image_upload called
2026-01-28 01:25:37 - POST - property - Room image uploaded successfully with id 18
2026-01-28 01:25:39 - POST - property - property_list called with method POST
2026-01-28 01:25:39 - POST - property - Property created successfully with id 7
2026-01-28 01:25:39 - GET - property - property_list called with method GET
2026-01-28 01:25:40 - GET - property - Retrieved 6 properties
2026-01-28 01:26:06 - GET - property - get_all_properties called
2026-01-28 01:26:06 - GET - property - Fetching top reviews
2026-01-28 01:26:06 - GET - property - Retrieved 0 top reviews for property_type hotel
2026-01-28 01:26:07 - GET - property - Retrieved 6 properties
2026-01-28 01:26:12 - GET - property - property_detail called with method GET for pk 6
2026-01-28 01:26:12 - GET - property - Retrieved property 6
2026-01-28 01:26:23 - GET - property - get_all_properties called
2026-01-28 01:26:23 - GET - property - Fetching top reviews
2026-01-28 01:26:23 - GET - property - Retrieved 0 top reviews for property_type hostel
2026-01-28 01:26:24 - GET - property - Retrieved 6 properties
2026-01-28 01:26:27 - GET - property - property_detail called with method GET for pk 7
2026-01-28 01:26:27 - GET - property - Retrieved property 7
