2026-01-19 17:21:25 - - - request - Not Found: /media/property_images/property_image_pLVMZyo.jpg
2026-01-19 17:22:20 - - - request - Not Found: /media/room_images/room_image_vqqo8rY.jpg
2026-01-19 17:22:20 - - - request - Not Found: /media/property_images/property_image_pLVMZyo.jpg
2026-01-19 17:22:20 - - - request - Not Found: /media/property_images/property_image_HF9bgye.jpg
2026-01-19 17:22:31 - - - request - Not Found: /media/property_images/property_image_pLVMZyo.jpg
2026-01-19 17:22:31 - - - request - Not Found: /favicon.ico
2026-01-19 17:27:00 - - - request - Not Found: /media/property_images/property_image_pLVMZyo.jpg
2026-01-19 17:27:31 - - - request - Not Found: /media/property_images/property_image_a7pXfAR.jpg
2026-01-19 17:27:31 - - - request - Not Found: /media/property_images/property_image_MbCJnGf.jpg
2026-01-19 17:27:55 - - - request - Not Found: /media/property_images/property_image_pLVMZyo.jpg
2026-01-19 17:29:14 - - - request - Not Found: /media/property_images/property_image_a7pXfAR.jpg
2026-01-19 17:29:14 - - - request - Not Found: /media/property_images/property_image_MbCJnGf.jpg
2026-01-19 17:32:37 - - - request - Not Found: /media/property_images/property_image_pLVMZyo.jpg
2026-01-19 17:42:26 - - - request - Unauthorized: /api/users/verify-otp/
2026-01-19 17:50:09 - - - request - Too Many Requests: /api/property/state/
2026-01-19 17:50:09 - - - request - Too Many Requests: /api/property/image-categories/
2026-01-19 17:50:09 - - - request - Too Many Requests: /api/property/image-categories/
2026-01-19 17:50:09 - - - request - Too Many Requests: /api/property/amenities/
2026-01-19 17:50:09 - - - request - Too Many Requests: /api/property/rules/
2026-01-19 17:50:09 - - - request - Too Many Requests: /api/property/documentations/
2026-01-19 17:50:09 - - - request - Too Many Requests: /api/property/state/
2026-01-19 17:50:09 - - - request - Too Many Requests: /api/property/image-categories/
2026-01-19 17:56:29 - - - request - Too Many Requests: /api/property/amenities/
2026-01-19 17:56:29 - - - request - Too Many Requests: /api/property/state/
2026-01-19 17:56:29 - - - request - Too Many Requests: /api/property/rules/
2026-01-19 17:56:29 - - - request - Too Many Requests: /api/property/documentations/
2026-01-19 17:56:29 - - - request - Too Many Requests: /api/property/image-categories/
2026-01-19 18:13:32 - - - request - Too Many Requests: /api/stats/dashboard/
2026-01-19 18:14:08 - - - request - Too Many Requests: /api/property/properties/
2026-01-19 18:14:14 - - - request - Too Many Requests: /api/property/properties/
2026-01-19 18:15:14 - - - request - Too Many Requests: /api/property/properties/
2026-01-19 18:18:02 - - - request - Too Many Requests: /api/property/images/upload/
2026-01-19 18:18:35 - - - request - Too Many Requests: /api/property/images/upload/
2026-01-19 18:20:13 - - - request - Too Many Requests: /api/property/images/upload/
2026-01-19 18:21:04 - - - request - Too Many Requests: /api/property/images/upload/
2026-01-19 18:22:40 - - - request - Too Many Requests: /api/blog/blogs/highlighted/
2026-01-19 18:22:41 - - - request - Not Found: /media/property_images/property_image_VirYfoW.png
2026-01-19 18:22:41 - - - request - Not Found: /media/property_images/property_image_a7pXfAR.jpg
2026-01-19 18:22:49 - - - request - Too Many Requests: /api/property/properties/5/
2026-01-19 18:22:58 - - - request - Too Many Requests: /api/property/properties/5/
